[01:06:39] [main/WARN]: Ambiguity between arguments [teleport, destination] and [teleport, targets] with inputs: [Player, 0123, @e, dd12be42-52a9-4a91-a8a1-11c01849e498]
[01:06:39] [main/WARN]: Ambiguity between arguments [teleport, location] and [teleport, destination] with inputs: [0.1 -0.5 .9, 0 0 0]
[01:06:39] [main/WARN]: Ambiguity between arguments [teleport, location] and [teleport, targets] with inputs: [0.1 -0.5 .9, 0 0 0]
[01:06:39] [main/WARN]: Ambiguity between arguments [teleport, targets] and [teleport, destination] with inputs: [Player, 0123, dd12be42-52a9-4a91-a8a1-11c01849e498]
[01:06:39] [main/WARN]: Ambiguity between arguments [teleport, targets, location] and [teleport, targets, destination] with inputs: [0.1 -0.5 .9, 0 0 0]
[01:06:40] [Server thread/INFO]: Starting minecraft server version 1.14.4
[01:06:40] [Server thread/INFO]: Loading properties
[01:06:40] [Server thread/INFO]: Default game type: SURVIVAL
[01:06:40] [Server thread/INFO]: Generating keypair
[01:06:40] [Server console handler/ERROR]: Exception handling console input
java.io.IOException: Identificador inválido
	at java.io.FileInputStream.readBytes(Native Method) ~[?:1.8.0_221]
	at java.io.FileInputStream.read(Unknown Source) ~[?:1.8.0_221]
	at java.io.BufferedInputStream.read1(Unknown Source) ~[?:1.8.0_221]
	at java.io.BufferedInputStream.read(Unknown Source) ~[?:1.8.0_221]
	at sun.nio.cs.StreamDecoder.readBytes(Unknown Source) ~[?:1.8.0_221]
	at sun.nio.cs.StreamDecoder.implRead(Unknown Source) ~[?:1.8.0_221]
	at sun.nio.cs.StreamDecoder.read(Unknown Source) ~[?:1.8.0_221]
	at java.io.InputStreamReader.read(Unknown Source) ~[?:1.8.0_221]
	at java.io.BufferedReader.fill(Unknown Source) ~[?:1.8.0_221]
	at java.io.BufferedReader.readLine(Unknown Source) ~[?:1.8.0_221]
	at java.io.BufferedReader.readLine(Unknown Source) ~[?:1.8.0_221]
	at uk$2.run(SourceFile:109) [server.jar:?]
[01:06:40] [Server thread/INFO]: Starting Minecraft server on 25.16.59.205:25565
[01:06:40] [Server thread/INFO]: Using default channel type
[01:06:43] [Server thread/WARN]: **** SERVER IS RUNNING IN OFFLINE/INSECURE MODE!
[01:06:43] [Server thread/WARN]: The server will make no attempt to authenticate usernames. Beware.
[01:06:43] [Server thread/WARN]: While this makes the game possible to play without internet access, it also opens up the ability for hackers to connect with any username they choose.
[01:06:43] [Server thread/WARN]: To change this, set "online-mode" to "true" in the server.properties file.
[01:06:43] [Server thread/INFO]: Preparing level "world"
[01:06:43] [Server thread/INFO]: Reloading ResourceManager: Default
[01:06:44] [Server thread/INFO]: Loaded 6 recipes
[01:06:44] [Server thread/INFO]: Loaded 811 advancements
[01:06:44] [Server thread/INFO]: Preparing start region for dimension minecraft:overworld
[01:06:47] [Server thread/INFO]: Preparing spawn area: 0%
[01:06:47] [Server thread/INFO]: Preparing spawn area: 0%
[01:06:47] [Server thread/INFO]: Preparing spawn area: 0%
[01:06:47] [Server thread/INFO]: Preparing spawn area: 0%
[01:06:47] [Server thread/INFO]: Preparing spawn area: 0%
[01:06:47] [Server-Worker-3/INFO]: Preparing spawn area: 0%
[01:06:47] [Server thread/INFO]: Preparing spawn area: 64%
[01:06:48] [Server thread/INFO]: Time elapsed: 3110 ms
[01:06:48] [Server thread/INFO]: Done (4.370s)! For help, type "help"
[01:06:48] [Server thread/INFO]: Stopping server
[01:06:48] [Server thread/INFO]: Saving players
[01:06:48] [Server thread/INFO]: Saving worlds
[01:06:48] [Server thread/INFO]: Saving chunks for level 'world'/minecraft:the_nether
[01:06:48] [Server thread/INFO]: ThreadedAnvilChunkStorage (DIM-1): All chunks are saved
[01:06:48] [Server thread/INFO]: Saving chunks for level 'world'/minecraft:overworld
[01:06:49] [Server thread/INFO]: ThreadedAnvilChunkStorage (world): All chunks are saved
[01:06:49] [Server thread/INFO]: Saving chunks for level 'world'/minecraft:the_end
[01:06:49] [Server thread/INFO]: ThreadedAnvilChunkStorage (DIM1): All chunks are saved
[01:06:49] [Server thread/INFO]: ThreadedAnvilChunkStorage (DIM-1): All chunks are saved
[01:06:49] [Server thread/INFO]: ThreadedAnvilChunkStorage (world): All chunks are saved
[01:06:49] [Server thread/INFO]: ThreadedAnvilChunkStorage (DIM1): All chunks are saved
